<?xml version="1.0" encoding="UTF-8"?>
<!-- Generated by org.testng.reporters.JUnitReportReporter -->
<testsuite skipped="0" hostname="A073DHYD" name="Gw.Webservice.REST_TC.tc1_Get" tests="3" failures="0" timestamp="21 Jan 2021 16:33:44 GMT" time="3.112" errors="0">
  <testcase name="test" time="0.416" classname="Gw.Webservice.REST_TC.tc1_Get"/>
  <testcase name="test" time="2.323" classname="Gw.Webservice.REST_TC.tc1_Get"/>
  <testcase name="test" time="0.373" classname="Gw.Webservice.REST_TC.tc1_Get"/>
</testsuite> <!-- Gw.Webservice.REST_TC.tc1_Get -->
